{"/home/stefano/DS-Algo-Practice/data_structures/linked_lists/singly/LinkedList.js": {"path":"/home/stefano/DS-Algo-Practice/data_structures/linked_lists/singly/LinkedList.js","statementMap":{"0":{"start":{"line":4,"column":8},"end":{"line":4,"column":25}},"1":{"start":{"line":5,"column":8},"end":{"line":5,"column":24}},"2":{"start":{"line":11,"column":24},"end":{"line":11,"column":59}},"3":{"start":{"line":14,"column":8},"end":{"line":14,"column":28}},"4":{"start":{"line":17,"column":8},"end":{"line":17,"column":22}},"5":{"start":{"line":22,"column":8},"end":{"line":34,"column":9}},"6":{"start":{"line":23,"column":12},"end":{"line":23,"column":24}},"7":{"start":{"line":24,"column":15},"end":{"line":34,"column":9}},"8":{"start":{"line":25,"column":12},"end":{"line":25,"column":29}},"9":{"start":{"line":27,"column":26},"end":{"line":27,"column":35}},"10":{"start":{"line":29,"column":12},"end":{"line":31,"column":13}},"11":{"start":{"line":29,"column":25},"end":{"line":29,"column":26}},"12":{"start":{"line":30,"column":16},"end":{"line":30,"column":39}},"13":{"start":{"line":33,"column":12},"end":{"line":33,"column":27}},"14":{"start":{"line":39,"column":22},"end":{"line":39,"column":31}},"15":{"start":{"line":40,"column":21},"end":{"line":40,"column":26}},"16":{"start":{"line":42,"column":8},"end":{"line":48,"column":9}},"17":{"start":{"line":42,"column":21},"end":{"line":42,"column":22}},"18":{"start":{"line":43,"column":12},"end":{"line":46,"column":13}},"19":{"start":{"line":44,"column":16},"end":{"line":44,"column":30}},"20":{"start":{"line":45,"column":16},"end":{"line":45,"column":22}},"21":{"start":{"line":47,"column":12},"end":{"line":47,"column":35}},"22":{"start":{"line":50,"column":8},"end":{"line":50,"column":22}},"23":{"start":{"line":55,"column":8},"end":{"line":64,"column":9}},"24":{"start":{"line":56,"column":12},"end":{"line":56,"column":19}},"25":{"start":{"line":57,"column":15},"end":{"line":64,"column":9}},"26":{"start":{"line":58,"column":12},"end":{"line":58,"column":37}},"27":{"start":{"line":60,"column":32},"end":{"line":60,"column":58}},"28":{"start":{"line":62,"column":12},"end":{"line":62,"column":79}},"29":{"start":{"line":63,"column":12},"end":{"line":63,"column":26}},"30":{"start":{"line":69,"column":8},"end":{"line":69,"column":35}},"31":{"start":{"line":70,"column":8},"end":{"line":70,"column":22}},"32":{"start":{"line":75,"column":23},"end":{"line":75,"column":55}},"33":{"start":{"line":76,"column":31},"end":{"line":76,"column":63}},"34":{"start":{"line":78,"column":8},"end":{"line":78,"column":46}},"35":{"start":{"line":79,"column":8},"end":{"line":79,"column":22}},"36":{"start":{"line":84,"column":8},"end":{"line":95,"column":9}},"37":{"start":{"line":85,"column":12},"end":{"line":85,"column":19}},"38":{"start":{"line":86,"column":15},"end":{"line":95,"column":9}},"39":{"start":{"line":87,"column":12},"end":{"line":87,"column":30}},"40":{"start":{"line":88,"column":15},"end":{"line":95,"column":9}},"41":{"start":{"line":89,"column":12},"end":{"line":89,"column":34}},"42":{"start":{"line":91,"column":32},"end":{"line":91,"column":58}},"43":{"start":{"line":93,"column":12},"end":{"line":93,"column":57}},"44":{"start":{"line":94,"column":12},"end":{"line":94,"column":26}},"45":{"start":{"line":100,"column":21},"end":{"line":100,"column":23}},"46":{"start":{"line":101,"column":22},"end":{"line":101,"column":31}},"47":{"start":{"line":103,"column":8},"end":{"line":110,"column":9}},"48":{"start":{"line":103,"column":21},"end":{"line":103,"column":22}},"49":{"start":{"line":104,"column":12},"end":{"line":109,"column":13}},"50":{"start":{"line":105,"column":16},"end":{"line":105,"column":53}},"51":{"start":{"line":107,"column":16},"end":{"line":107,"column":49}},"52":{"start":{"line":108,"column":16},"end":{"line":108,"column":39}},"53":{"start":{"line":112,"column":8},"end":{"line":112,"column":22}},"54":{"start":{"line":119,"column":8},"end":{"line":119,"column":27}},"55":{"start":{"line":120,"column":8},"end":{"line":120,"column":25}},"56":{"start":{"line":125,"column":0},"end":{"line":133,"column":1}},"57":{"start":{"line":126,"column":17},"end":{"line":126,"column":33}},"58":{"start":{"line":128,"column":4},"end":{"line":130,"column":5}},"59":{"start":{"line":128,"column":17},"end":{"line":128,"column":34}},"60":{"start":{"line":129,"column":8},"end":{"line":129,"column":37}},"61":{"start":{"line":132,"column":4},"end":{"line":132,"column":16}},"62":{"start":{"line":135,"column":0},"end":{"line":135,"column":28}}},"fnMap":{"0":{"name":"(anonymous_0)","decl":{"start":{"line":3,"column":4},"end":{"line":3,"column":5}},"loc":{"start":{"line":3,"column":18},"end":{"line":6,"column":5}},"line":3},"1":{"name":"(anonymous_1)","decl":{"start":{"line":9,"column":4},"end":{"line":9,"column":5}},"loc":{"start":{"line":9,"column":23},"end":{"line":18,"column":5}},"line":9},"2":{"name":"(anonymous_2)","decl":{"start":{"line":21,"column":4},"end":{"line":21,"column":5}},"loc":{"start":{"line":21,"column":22},"end":{"line":35,"column":5}},"line":21},"3":{"name":"(anonymous_3)","decl":{"start":{"line":38,"column":4},"end":{"line":38,"column":5}},"loc":{"start":{"line":38,"column":21},"end":{"line":51,"column":5}},"line":38},"4":{"name":"(anonymous_4)","decl":{"start":{"line":54,"column":4},"end":{"line":54,"column":5}},"loc":{"start":{"line":54,"column":32},"end":{"line":65,"column":5}},"line":54},"5":{"name":"(anonymous_5)","decl":{"start":{"line":68,"column":4},"end":{"line":68,"column":5}},"loc":{"start":{"line":68,"column":17},"end":{"line":71,"column":5}},"line":68},"6":{"name":"(anonymous_6)","decl":{"start":{"line":74,"column":4},"end":{"line":74,"column":5}},"loc":{"start":{"line":74,"column":21},"end":{"line":80,"column":5}},"line":74},"7":{"name":"(anonymous_7)","decl":{"start":{"line":83,"column":4},"end":{"line":83,"column":5}},"loc":{"start":{"line":83,"column":25},"end":{"line":96,"column":5}},"line":83},"8":{"name":"(anonymous_8)","decl":{"start":{"line":99,"column":4},"end":{"line":99,"column":5}},"loc":{"start":{"line":99,"column":12},"end":{"line":113,"column":5}},"line":99},"9":{"name":"(anonymous_9)","decl":{"start":{"line":118,"column":4},"end":{"line":118,"column":5}},"loc":{"start":{"line":118,"column":29},"end":{"line":121,"column":5}},"line":118},"10":{"name":"(anonymous_10)","decl":{"start":{"line":125,"column":24},"end":{"line":125,"column":25}},"loc":{"start":{"line":125,"column":45},"end":{"line":133,"column":1}},"line":125}},"branchMap":{"0":{"loc":{"start":{"line":22,"column":8},"end":{"line":34,"column":9}},"type":"if","locations":[{"start":{"line":22,"column":8},"end":{"line":34,"column":9}},{"start":{"line":24,"column":15},"end":{"line":34,"column":9}}],"line":22},"1":{"loc":{"start":{"line":22,"column":12},"end":{"line":22,"column":45}},"type":"binary-expr","locations":[{"start":{"line":22,"column":12},"end":{"line":22,"column":21}},{"start":{"line":22,"column":25},"end":{"line":22,"column":45}}],"line":22},"2":{"loc":{"start":{"line":24,"column":15},"end":{"line":34,"column":9}},"type":"if","locations":[{"start":{"line":24,"column":15},"end":{"line":34,"column":9}},{"start":{"line":26,"column":15},"end":{"line":34,"column":9}}],"line":24},"3":{"loc":{"start":{"line":43,"column":12},"end":{"line":46,"column":13}},"type":"if","locations":[{"start":{"line":43,"column":12},"end":{"line":46,"column":13}},{"start":{},"end":{}}],"line":43},"4":{"loc":{"start":{"line":55,"column":8},"end":{"line":64,"column":9}},"type":"if","locations":[{"start":{"line":55,"column":8},"end":{"line":64,"column":9}},{"start":{"line":57,"column":15},"end":{"line":64,"column":9}}],"line":55},"5":{"loc":{"start":{"line":55,"column":12},"end":{"line":55,"column":45}},"type":"binary-expr","locations":[{"start":{"line":55,"column":12},"end":{"line":55,"column":21}},{"start":{"line":55,"column":25},"end":{"line":55,"column":45}}],"line":55},"6":{"loc":{"start":{"line":57,"column":15},"end":{"line":64,"column":9}},"type":"if","locations":[{"start":{"line":57,"column":15},"end":{"line":64,"column":9}},{"start":{"line":59,"column":15},"end":{"line":64,"column":9}}],"line":57},"7":{"loc":{"start":{"line":84,"column":8},"end":{"line":95,"column":9}},"type":"if","locations":[{"start":{"line":84,"column":8},"end":{"line":95,"column":9}},{"start":{"line":86,"column":15},"end":{"line":95,"column":9}}],"line":84},"8":{"loc":{"start":{"line":84,"column":12},"end":{"line":84,"column":45}},"type":"binary-expr","locations":[{"start":{"line":84,"column":12},"end":{"line":84,"column":21}},{"start":{"line":84,"column":25},"end":{"line":84,"column":45}}],"line":84},"9":{"loc":{"start":{"line":86,"column":15},"end":{"line":95,"column":9}},"type":"if","locations":[{"start":{"line":86,"column":15},"end":{"line":95,"column":9}},{"start":{"line":88,"column":15},"end":{"line":95,"column":9}}],"line":86},"10":{"loc":{"start":{"line":88,"column":15},"end":{"line":95,"column":9}},"type":"if","locations":[{"start":{"line":88,"column":15},"end":{"line":95,"column":9}},{"start":{"line":90,"column":15},"end":{"line":95,"column":9}}],"line":88},"11":{"loc":{"start":{"line":104,"column":12},"end":{"line":109,"column":13}},"type":"if","locations":[{"start":{"line":104,"column":12},"end":{"line":109,"column":13}},{"start":{"line":106,"column":19},"end":{"line":109,"column":13}}],"line":104}},"s":{"0":17,"1":17,"2":51,"3":51,"4":51,"5":9,"6":2,"7":7,"8":3,"9":4,"10":4,"11":4,"12":9,"13":4,"14":2,"15":2,"16":2,"17":2,"18":4,"19":1,"20":1,"21":3,"22":2,"23":4,"24":2,"25":2,"26":1,"27":1,"28":1,"29":1,"30":2,"31":2,"32":1,"33":1,"34":1,"35":1,"36":4,"37":2,"38":2,"39":1,"40":1,"41":0,"42":1,"43":1,"44":1,"45":0,"46":0,"47":0,"48":0,"49":0,"50":0,"51":0,"52":0,"53":0,"54":52,"55":52,"56":1,"57":16,"58":16,"59":16,"60":48,"61":16,"62":1},"f":{"0":17,"1":51,"2":9,"3":2,"4":4,"5":2,"6":1,"7":4,"8":0,"9":52,"10":16},"b":{"0":[2,7],"1":[9,8],"2":[3,4],"3":[1,3],"4":[2,2],"5":[4,3],"6":[1,1],"7":[2,2],"8":[4,3],"9":[1,1],"10":[0,1],"11":[0,0]},"_coverageSchema":"1a1c01bbd47fc00a2c39e90264f33305004495a9","hash":"2d83e9e894862255b072cdeb9fce32214447b1ce"}
}
