TN:
SF:LinkedList.js
FN:3,(anonymous_0)
FN:9,(anonymous_1)
FN:21,(anonymous_2)
FN:38,(anonymous_3)
FN:54,(anonymous_4)
FN:68,(anonymous_5)
FN:74,(anonymous_6)
FN:83,(anonymous_7)
FN:99,(anonymous_8)
FN:118,(anonymous_9)
FN:125,(anonymous_10)
FNF:11
FNH:10
FNDA:17,(anonymous_0)
FNDA:51,(anonymous_1)
FNDA:9,(anonymous_2)
FNDA:2,(anonymous_3)
FNDA:4,(anonymous_4)
FNDA:2,(anonymous_5)
FNDA:1,(anonymous_6)
FNDA:4,(anonymous_7)
FNDA:0,(anonymous_8)
FNDA:52,(anonymous_9)
FNDA:16,(anonymous_10)
DA:4,17
DA:5,17
DA:11,51
DA:14,51
DA:17,51
DA:22,9
DA:23,2
DA:24,7
DA:25,3
DA:27,4
DA:29,4
DA:30,9
DA:33,4
DA:39,2
DA:40,2
DA:42,2
DA:43,4
DA:44,1
DA:45,1
DA:47,3
DA:50,2
DA:55,4
DA:56,2
DA:57,2
DA:58,1
DA:60,1
DA:62,1
DA:63,1
DA:69,2
DA:70,2
DA:75,1
DA:76,1
DA:78,1
DA:79,1
DA:84,4
DA:85,2
DA:86,2
DA:87,1
DA:88,1
DA:89,0
DA:91,1
DA:93,1
DA:94,1
DA:100,0
DA:101,0
DA:103,0
DA:104,0
DA:105,0
DA:107,0
DA:108,0
DA:112,0
DA:119,52
DA:120,52
DA:125,1
DA:126,16
DA:128,16
DA:129,48
DA:132,16
DA:135,1
LF:59
LH:50
BRDA:22,0,0,2
BRDA:22,0,1,7
BRDA:22,1,0,9
BRDA:22,1,1,8
BRDA:24,2,0,3
BRDA:24,2,1,4
BRDA:43,3,0,1
BRDA:43,3,1,3
BRDA:55,4,0,2
BRDA:55,4,1,2
BRDA:55,5,0,4
BRDA:55,5,1,3
BRDA:57,6,0,1
BRDA:57,6,1,1
BRDA:84,7,0,2
BRDA:84,7,1,2
BRDA:84,8,0,4
BRDA:84,8,1,3
BRDA:86,9,0,1
BRDA:86,9,1,1
BRDA:88,10,0,0
BRDA:88,10,1,1
BRDA:104,11,0,0
BRDA:104,11,1,0
BRF:24
BRH:21
end_of_record
